Stundenplaner2/app/build/intermediates/manifest_merge_blame_file/debug/manifest-merger-blame-debug-report.txt
1<?xml version="1.0" encoding="utf-8"?>
2<manifest xmlns:android="http://schemas.android.com/apk/res/android"
3    package="dde.gymnasiumnippes.vertretungsplan"
4    android:versionCode="1"
5    android:versionName="1.0 alpha" >
6
7    <uses-sdk
8        android:minSdkVersion="23"
8-->src\main\AndroidManifest.xml
9        android:targetSdkVersion="29" />
9-->src\main\AndroidManifest.xml
10
11    <uses-permission android:name="android.permission.INTERNET" />
11-->src\main\AndroidManifest.xml:5:5-67
11-->src\main\AndroidManifest.xml:5:22-64
12
13    <application
13-->src\main\AndroidManifest.xml:7:5-38:19
14        android:allowBackup="true"
14-->src\main\AndroidManifest.xml:8:9-35
15        android:appComponentFactory="androidx.core.app.CoreComponentFactory"
15-->[androidx.core:core:1.3.0] AndroidManifest.xml:24:18-86
16        android:debuggable="true"
17        android:extractNativeLibs="false"
18        android:icon="@drawable/ic_launcher"
18-->src\main\AndroidManifest.xml:9:9-45
19        android:label="@string/app_name"
19-->src\main\AndroidManifest.xml:10:9-41
20        android:roundIcon="@drawable/ic_launcher"
20-->src\main\AndroidManifest.xml:11:9-50
21        android:supportsRtl="true"
21-->src\main\AndroidManifest.xml:12:9-35
22        android:testOnly="true"
23        android:theme="@style/AppTheme" >
23-->src\main\AndroidManifest.xml:13:9-40
24        <activity
24-->src\main\AndroidManifest.xml:15:9-23:20
25            android:name="dde.gymnasiumnippes.vertretungsplan.SplashActivity"
25-->src\main\AndroidManifest.xml:16:13-43
26            android:theme="@style/AppTheme1" >
26-->src\main\AndroidManifest.xml:17:13-45
27            <intent-filter>
27-->src\main\AndroidManifest.xml:18:13-22:29
28                <action android:name="android.intent.action.MAIN" />
28-->src\main\AndroidManifest.xml:19:17-69
28-->src\main\AndroidManifest.xml:19:25-66
29
30                <category android:name="android.intent.category.LAUNCHER" />
30-->src\main\AndroidManifest.xml:21:17-77
30-->src\main\AndroidManifest.xml:21:27-74
31            </intent-filter>
32        </activity>
33        <activity
33-->src\main\AndroidManifest.xml:24:9-30:20
34            android:name="dde.gymnasiumnippes.vertretungsplan.MainActivity"
34-->src\main\AndroidManifest.xml:25:13-41
35            android:theme="@style/AppTheme2" >
35-->src\main\AndroidManifest.xml:26:13-45
36            <meta-data
36-->src\main\AndroidManifest.xml:27:13-29:61
37                android:name="preloaded_fonts"
37-->src\main\AndroidManifest.xml:28:17-47
38                android:resource="@array/preloaded_fonts" />
38-->src\main\AndroidManifest.xml:29:17-58
39        </activity>
40        <activity
40-->src\main\AndroidManifest.xml:31:9-37:20
41            android:name="dde.gymnasiumnippes.vertretungsplan.StundenplanActivity"
41-->src\main\AndroidManifest.xml:32:13-48
42            android:theme="@style/AppTheme2" >
42-->src\main\AndroidManifest.xml:33:13-45
43            <meta-data
43-->src\main\AndroidManifest.xml:27:13-29:61
44                android:name="preloaded_fonts"
44-->src\main\AndroidManifest.xml:28:17-47
45                android:resource="@array/preloaded_fonts" />
45-->src\main\AndroidManifest.xml:29:17-58
46        </activity>
47    </application>
48
49</manifest>